[2022-09-28 14:31:25,975] {taskinstance.py:1159} INFO - Dependencies all met for <TaskInstance: tutorial.templated manual__2022-09-28T14:31:24.022964+00:00 [queued]>
[2022-09-28 14:31:25,988] {taskinstance.py:1159} INFO - Dependencies all met for <TaskInstance: tutorial.templated manual__2022-09-28T14:31:24.022964+00:00 [queued]>
[2022-09-28 14:31:25,988] {taskinstance.py:1356} INFO - 
--------------------------------------------------------------------------------
[2022-09-28 14:31:25,988] {taskinstance.py:1357} INFO - Starting attempt 1 of 2
[2022-09-28 14:31:25,988] {taskinstance.py:1358} INFO - 
--------------------------------------------------------------------------------
[2022-09-28 14:31:26,004] {taskinstance.py:1377} INFO - Executing <Task(BashOperator): templated> on 2022-09-28 14:31:24.022964+00:00
[2022-09-28 14:31:26,010] {standard_task_runner.py:52} INFO - Started process 8287 to run task
[2022-09-28 14:31:26,013] {standard_task_runner.py:79} INFO - Running: ['***', 'tasks', 'run', 'tutorial', 'templated', 'manual__2022-09-28T14:31:24.022964+00:00', '--job-id', '24', '--raw', '--subdir', '/home/***/.local/lib/python3.7/site-packages/***/example_dags/tutorial.py', '--cfg-path', '/tmp/tmpd1kugae1', '--error-file', '/tmp/tmpb6_uc0eg']
[2022-09-28 14:31:26,013] {standard_task_runner.py:80} INFO - Job 24: Subtask templated
[2022-09-28 14:31:26,077] {task_command.py:369} INFO - Running <TaskInstance: tutorial.templated manual__2022-09-28T14:31:24.022964+00:00 [running]> on host 2baf8421422a
[2022-09-28 14:31:26,181] {taskinstance.py:1571} INFO - Exporting the following env vars:
AIRFLOW_CTX_DAG_EMAIL=***@example.com
AIRFLOW_CTX_DAG_OWNER=***
AIRFLOW_CTX_DAG_ID=tutorial
AIRFLOW_CTX_TASK_ID=templated
AIRFLOW_CTX_EXECUTION_DATE=2022-09-28T14:31:24.022964+00:00
AIRFLOW_CTX_TRY_NUMBER=1
AIRFLOW_CTX_DAG_RUN_ID=manual__2022-09-28T14:31:24.022964+00:00
[2022-09-28 14:31:26,182] {subprocess.py:62} INFO - Tmp dir root location: 
 /tmp
[2022-09-28 14:31:26,182] {subprocess.py:74} INFO - Running command: ['bash', '-c', '\n\n    echo "2022-09-28"\n    echo "2022-10-05"\n\n    echo "2022-09-28"\n    echo "2022-10-05"\n\n    echo "2022-09-28"\n    echo "2022-10-05"\n\n    echo "2022-09-28"\n    echo "2022-10-05"\n\n    echo "2022-09-28"\n    echo "2022-10-05"\n']
[2022-09-28 14:31:26,189] {subprocess.py:85} INFO - Output:
[2022-09-28 14:31:26,190] {subprocess.py:92} INFO - 2022-09-28
[2022-09-28 14:31:26,191] {subprocess.py:92} INFO - 2022-10-05
[2022-09-28 14:31:26,191] {subprocess.py:92} INFO - 2022-09-28
[2022-09-28 14:31:26,191] {subprocess.py:92} INFO - 2022-10-05
[2022-09-28 14:31:26,191] {subprocess.py:92} INFO - 2022-09-28
[2022-09-28 14:31:26,191] {subprocess.py:92} INFO - 2022-10-05
[2022-09-28 14:31:26,191] {subprocess.py:92} INFO - 2022-09-28
[2022-09-28 14:31:26,191] {subprocess.py:92} INFO - 2022-10-05
[2022-09-28 14:31:26,191] {subprocess.py:92} INFO - 2022-09-28
[2022-09-28 14:31:26,191] {subprocess.py:92} INFO - 2022-10-05
[2022-09-28 14:31:26,191] {subprocess.py:96} INFO - Command exited with return code 0
[2022-09-28 14:31:26,217] {taskinstance.py:1400} INFO - Marking task as SUCCESS. dag_id=tutorial, task_id=templated, execution_date=20220928T143124, start_date=20220928T143125, end_date=20220928T143126
[2022-09-28 14:31:26,264] {local_task_job.py:156} INFO - Task exited with return code 0
[2022-09-28 14:31:26,294] {local_task_job.py:273} INFO - 0 downstream tasks scheduled from follow-on schedule check
