[2022-09-26 01:55:07,872] {taskinstance.py:1159} INFO - Dependencies all met for <TaskInstance: example_bash_operator.also_run_this scheduled__2022-09-25T00:00:00+00:00 [queued]>
[2022-09-26 01:55:07,880] {taskinstance.py:1159} INFO - Dependencies all met for <TaskInstance: example_bash_operator.also_run_this scheduled__2022-09-25T00:00:00+00:00 [queued]>
[2022-09-26 01:55:07,880] {taskinstance.py:1356} INFO - 
--------------------------------------------------------------------------------
[2022-09-26 01:55:07,880] {taskinstance.py:1357} INFO - Starting attempt 1 of 1
[2022-09-26 01:55:07,880] {taskinstance.py:1358} INFO - 
--------------------------------------------------------------------------------
[2022-09-26 01:55:07,893] {taskinstance.py:1377} INFO - Executing <Task(BashOperator): also_run_this> on 2022-09-25 00:00:00+00:00
[2022-09-26 01:55:07,897] {standard_task_runner.py:52} INFO - Started process 8709 to run task
[2022-09-26 01:55:07,899] {standard_task_runner.py:79} INFO - Running: ['***', 'tasks', 'run', 'example_bash_operator', 'also_run_this', 'scheduled__2022-09-25T00:00:00+00:00', '--job-id', '3', '--raw', '--subdir', '/home/***/.local/lib/python3.7/site-packages/***/example_dags/example_bash_operator.py', '--cfg-path', '/tmp/tmpu5_it5ai', '--error-file', '/tmp/tmp_2bxozk6']
[2022-09-26 01:55:07,900] {standard_task_runner.py:80} INFO - Job 3: Subtask also_run_this
[2022-09-26 01:55:07,951] {task_command.py:369} INFO - Running <TaskInstance: example_bash_operator.also_run_this scheduled__2022-09-25T00:00:00+00:00 [running]> on host 2baf8421422a
[2022-09-26 01:55:08,032] {taskinstance.py:1571} INFO - Exporting the following env vars:
AIRFLOW_CTX_DAG_OWNER=***
AIRFLOW_CTX_DAG_ID=example_bash_operator
AIRFLOW_CTX_TASK_ID=also_run_this
AIRFLOW_CTX_EXECUTION_DATE=2022-09-25T00:00:00+00:00
AIRFLOW_CTX_TRY_NUMBER=1
AIRFLOW_CTX_DAG_RUN_ID=scheduled__2022-09-25T00:00:00+00:00
[2022-09-26 01:55:08,032] {subprocess.py:62} INFO - Tmp dir root location: 
 /tmp
[2022-09-26 01:55:08,033] {subprocess.py:74} INFO - Running command: ['bash', '-c', 'echo "run_id=scheduled__2022-09-25T00:00:00+00:00 | dag_run=<DagRun example_bash_operator @ 2022-09-25 00:00:00+00:00: scheduled__2022-09-25T00:00:00+00:00, externally triggered: False>"']
[2022-09-26 01:55:08,041] {subprocess.py:85} INFO - Output:
[2022-09-26 01:55:08,043] {subprocess.py:92} INFO - run_id=scheduled__2022-09-25T00:00:00+00:00 | dag_run=<DagRun example_bash_operator @ 2022-09-25 00:00:00+00:00: scheduled__2022-09-25T00:00:00+00:00, externally triggered: False>
[2022-09-26 01:55:08,043] {subprocess.py:96} INFO - Command exited with return code 0
[2022-09-26 01:55:08,073] {taskinstance.py:1400} INFO - Marking task as SUCCESS. dag_id=example_bash_operator, task_id=also_run_this, execution_date=20220925T000000, start_date=20220926T015507, end_date=20220926T015508
[2022-09-26 01:55:08,111] {local_task_job.py:156} INFO - Task exited with return code 0
[2022-09-26 01:55:08,254] {local_task_job.py:273} INFO - 0 downstream tasks scheduled from follow-on schedule check
