[2022-09-28 14:30:15,168] {taskinstance.py:1159} INFO - Dependencies all met for <TaskInstance: tutorial.templated scheduled__2022-09-27T14:30:05.600324+00:00 [queued]>
[2022-09-28 14:30:15,176] {taskinstance.py:1159} INFO - Dependencies all met for <TaskInstance: tutorial.templated scheduled__2022-09-27T14:30:05.600324+00:00 [queued]>
[2022-09-28 14:30:15,176] {taskinstance.py:1356} INFO - 
--------------------------------------------------------------------------------
[2022-09-28 14:30:15,176] {taskinstance.py:1357} INFO - Starting attempt 1 of 2
[2022-09-28 14:30:15,177] {taskinstance.py:1358} INFO - 
--------------------------------------------------------------------------------
[2022-09-28 14:30:15,190] {taskinstance.py:1377} INFO - Executing <Task(BashOperator): templated> on 2022-09-27 14:30:05.600324+00:00
[2022-09-28 14:30:15,193] {standard_task_runner.py:52} INFO - Started process 8224 to run task
[2022-09-28 14:30:15,195] {standard_task_runner.py:79} INFO - Running: ['***', 'tasks', 'run', 'tutorial', 'templated', 'scheduled__2022-09-27T14:30:05.600324+00:00', '--job-id', '21', '--raw', '--subdir', '/home/***/.local/lib/python3.7/site-packages/***/example_dags/tutorial.py', '--cfg-path', '/tmp/tmpkyb6aruq', '--error-file', '/tmp/tmp2avkd6iu']
[2022-09-28 14:30:15,196] {standard_task_runner.py:80} INFO - Job 21: Subtask templated
[2022-09-28 14:30:15,241] {task_command.py:369} INFO - Running <TaskInstance: tutorial.templated scheduled__2022-09-27T14:30:05.600324+00:00 [running]> on host 2baf8421422a
[2022-09-28 14:30:15,325] {taskinstance.py:1571} INFO - Exporting the following env vars:
AIRFLOW_CTX_DAG_EMAIL=***@example.com
AIRFLOW_CTX_DAG_OWNER=***
AIRFLOW_CTX_DAG_ID=tutorial
AIRFLOW_CTX_TASK_ID=templated
AIRFLOW_CTX_EXECUTION_DATE=2022-09-27T14:30:05.600324+00:00
AIRFLOW_CTX_TRY_NUMBER=1
AIRFLOW_CTX_DAG_RUN_ID=scheduled__2022-09-27T14:30:05.600324+00:00
[2022-09-28 14:30:15,326] {subprocess.py:62} INFO - Tmp dir root location: 
 /tmp
[2022-09-28 14:30:15,326] {subprocess.py:74} INFO - Running command: ['bash', '-c', '\n\n    echo "2022-09-27"\n    echo "2022-10-04"\n\n    echo "2022-09-27"\n    echo "2022-10-04"\n\n    echo "2022-09-27"\n    echo "2022-10-04"\n\n    echo "2022-09-27"\n    echo "2022-10-04"\n\n    echo "2022-09-27"\n    echo "2022-10-04"\n']
[2022-09-28 14:30:15,333] {subprocess.py:85} INFO - Output:
[2022-09-28 14:30:15,334] {subprocess.py:92} INFO - 2022-09-27
[2022-09-28 14:30:15,334] {subprocess.py:92} INFO - 2022-10-04
[2022-09-28 14:30:15,334] {subprocess.py:92} INFO - 2022-09-27
[2022-09-28 14:30:15,334] {subprocess.py:92} INFO - 2022-10-04
[2022-09-28 14:30:15,334] {subprocess.py:92} INFO - 2022-09-27
[2022-09-28 14:30:15,334] {subprocess.py:92} INFO - 2022-10-04
[2022-09-28 14:30:15,334] {subprocess.py:92} INFO - 2022-09-27
[2022-09-28 14:30:15,334] {subprocess.py:92} INFO - 2022-10-04
[2022-09-28 14:30:15,334] {subprocess.py:92} INFO - 2022-09-27
[2022-09-28 14:30:15,334] {subprocess.py:92} INFO - 2022-10-04
[2022-09-28 14:30:15,335] {subprocess.py:96} INFO - Command exited with return code 0
[2022-09-28 14:30:15,356] {taskinstance.py:1400} INFO - Marking task as SUCCESS. dag_id=tutorial, task_id=templated, execution_date=20220927T143005, start_date=20220928T143015, end_date=20220928T143015
[2022-09-28 14:30:15,407] {local_task_job.py:156} INFO - Task exited with return code 0
[2022-09-28 14:30:15,498] {local_task_job.py:273} INFO - 0 downstream tasks scheduled from follow-on schedule check
