[2022-09-26 01:55:08,168] {taskinstance.py:1159} INFO - Dependencies all met for <TaskInstance: example_bash_operator.runme_1 scheduled__2022-09-25T00:00:00+00:00 [queued]>
[2022-09-26 01:55:08,181] {taskinstance.py:1159} INFO - Dependencies all met for <TaskInstance: example_bash_operator.runme_1 scheduled__2022-09-25T00:00:00+00:00 [queued]>
[2022-09-26 01:55:08,181] {taskinstance.py:1356} INFO - 
--------------------------------------------------------------------------------
[2022-09-26 01:55:08,181] {taskinstance.py:1357} INFO - Starting attempt 1 of 1
[2022-09-26 01:55:08,181] {taskinstance.py:1358} INFO - 
--------------------------------------------------------------------------------
[2022-09-26 01:55:08,197] {taskinstance.py:1377} INFO - Executing <Task(BashOperator): runme_1> on 2022-09-25 00:00:00+00:00
[2022-09-26 01:55:08,201] {standard_task_runner.py:52} INFO - Started process 8713 to run task
[2022-09-26 01:55:08,203] {standard_task_runner.py:79} INFO - Running: ['***', 'tasks', 'run', 'example_bash_operator', 'runme_1', 'scheduled__2022-09-25T00:00:00+00:00', '--job-id', '6', '--raw', '--subdir', '/home/***/.local/lib/python3.7/site-packages/***/example_dags/example_bash_operator.py', '--cfg-path', '/tmp/tmpr8twfo2e', '--error-file', '/tmp/tmp7pzgo5m3']
[2022-09-26 01:55:08,204] {standard_task_runner.py:80} INFO - Job 6: Subtask runme_1
[2022-09-26 01:55:08,258] {task_command.py:369} INFO - Running <TaskInstance: example_bash_operator.runme_1 scheduled__2022-09-25T00:00:00+00:00 [running]> on host 2baf8421422a
[2022-09-26 01:55:08,348] {taskinstance.py:1571} INFO - Exporting the following env vars:
AIRFLOW_CTX_DAG_OWNER=***
AIRFLOW_CTX_DAG_ID=example_bash_operator
AIRFLOW_CTX_TASK_ID=runme_1
AIRFLOW_CTX_EXECUTION_DATE=2022-09-25T00:00:00+00:00
AIRFLOW_CTX_TRY_NUMBER=1
AIRFLOW_CTX_DAG_RUN_ID=scheduled__2022-09-25T00:00:00+00:00
[2022-09-26 01:55:08,350] {subprocess.py:62} INFO - Tmp dir root location: 
 /tmp
[2022-09-26 01:55:08,350] {subprocess.py:74} INFO - Running command: ['bash', '-c', 'echo "example_bash_operator__runme_1__20220925" && sleep 1']
[2022-09-26 01:55:08,359] {subprocess.py:85} INFO - Output:
[2022-09-26 01:55:08,361] {subprocess.py:92} INFO - example_bash_operator__runme_1__20220925
[2022-09-26 01:55:09,362] {subprocess.py:96} INFO - Command exited with return code 0
[2022-09-26 01:55:09,394] {taskinstance.py:1400} INFO - Marking task as SUCCESS. dag_id=example_bash_operator, task_id=runme_1, execution_date=20220925T000000, start_date=20220926T015508, end_date=20220926T015509
[2022-09-26 01:55:09,420] {local_task_job.py:156} INFO - Task exited with return code 0
[2022-09-26 01:55:09,466] {local_task_job.py:273} INFO - 1 downstream tasks scheduled from follow-on schedule check
