[2022-09-26 01:56:10,621] {taskinstance.py:1159} INFO - Dependencies all met for <TaskInstance: example_branch_operator.branching manual__2022-09-26T01:56:08.534342+00:00 [queued]>
[2022-09-26 01:56:10,632] {taskinstance.py:1159} INFO - Dependencies all met for <TaskInstance: example_branch_operator.branching manual__2022-09-26T01:56:08.534342+00:00 [queued]>
[2022-09-26 01:56:10,632] {taskinstance.py:1356} INFO - 
--------------------------------------------------------------------------------
[2022-09-26 01:56:10,632] {taskinstance.py:1357} INFO - Starting attempt 1 of 1
[2022-09-26 01:56:10,632] {taskinstance.py:1358} INFO - 
--------------------------------------------------------------------------------
[2022-09-26 01:56:10,647] {taskinstance.py:1377} INFO - Executing <Task(BranchPythonOperator): branching> on 2022-09-26 01:56:08.534342+00:00
[2022-09-26 01:56:10,652] {standard_task_runner.py:52} INFO - Started process 8769 to run task
[2022-09-26 01:56:10,655] {standard_task_runner.py:79} INFO - Running: ['***', 'tasks', 'run', 'example_branch_operator', 'branching', 'manual__2022-09-26T01:56:08.534342+00:00', '--job-id', '10', '--raw', '--subdir', '/home/***/.local/lib/python3.7/site-packages/***/example_dags/example_branch_operator.py', '--cfg-path', '/tmp/tmpj9kt2468', '--error-file', '/tmp/tmp3ewfpq2b']
[2022-09-26 01:56:10,655] {standard_task_runner.py:80} INFO - Job 10: Subtask branching
[2022-09-26 01:56:10,702] {task_command.py:369} INFO - Running <TaskInstance: example_branch_operator.branching manual__2022-09-26T01:56:08.534342+00:00 [running]> on host 2baf8421422a
[2022-09-26 01:56:10,769] {taskinstance.py:1571} INFO - Exporting the following env vars:
AIRFLOW_CTX_DAG_OWNER=***
AIRFLOW_CTX_DAG_ID=example_branch_operator
AIRFLOW_CTX_TASK_ID=branching
AIRFLOW_CTX_EXECUTION_DATE=2022-09-26T01:56:08.534342+00:00
AIRFLOW_CTX_TRY_NUMBER=1
AIRFLOW_CTX_DAG_RUN_ID=manual__2022-09-26T01:56:08.534342+00:00
[2022-09-26 01:56:10,769] {python.py:173} INFO - Done. Returned value was: branch_c
[2022-09-26 01:56:10,769] {skipmixin.py:140} INFO - Following branch branch_c
[2022-09-26 01:56:10,769] {skipmixin.py:175} INFO - Skipping tasks ['branch_b', 'branch_d', 'branch_a']
[2022-09-26 01:56:10,808] {taskinstance.py:1400} INFO - Marking task as SUCCESS. dag_id=example_branch_operator, task_id=branching, execution_date=20220926T015608, start_date=20220926T015610, end_date=20220926T015610
[2022-09-26 01:56:10,826] {local_task_job.py:156} INFO - Task exited with return code 0
[2022-09-26 01:56:10,878] {local_task_job.py:273} INFO - 1 downstream tasks scheduled from follow-on schedule check
