[2022-09-28 14:30:15,138] {taskinstance.py:1159} INFO - Dependencies all met for <TaskInstance: tutorial.sleep scheduled__2022-09-27T14:30:05.600324+00:00 [queued]>
[2022-09-28 14:30:15,146] {taskinstance.py:1159} INFO - Dependencies all met for <TaskInstance: tutorial.sleep scheduled__2022-09-27T14:30:05.600324+00:00 [queued]>
[2022-09-28 14:30:15,146] {taskinstance.py:1356} INFO - 
--------------------------------------------------------------------------------
[2022-09-28 14:30:15,146] {taskinstance.py:1357} INFO - Starting attempt 1 of 4
[2022-09-28 14:30:15,146] {taskinstance.py:1358} INFO - 
--------------------------------------------------------------------------------
[2022-09-28 14:30:15,159] {taskinstance.py:1377} INFO - Executing <Task(BashOperator): sleep> on 2022-09-27 14:30:05.600324+00:00
[2022-09-28 14:30:15,162] {standard_task_runner.py:52} INFO - Started process 8223 to run task
[2022-09-28 14:30:15,164] {standard_task_runner.py:79} INFO - Running: ['***', 'tasks', 'run', 'tutorial', 'sleep', 'scheduled__2022-09-27T14:30:05.600324+00:00', '--job-id', '20', '--raw', '--subdir', '/home/***/.local/lib/python3.7/site-packages/***/example_dags/tutorial.py', '--cfg-path', '/tmp/tmp74b8fnk5', '--error-file', '/tmp/tmp3yu4s8ae']
[2022-09-28 14:30:15,165] {standard_task_runner.py:80} INFO - Job 20: Subtask sleep
[2022-09-28 14:30:15,204] {task_command.py:369} INFO - Running <TaskInstance: tutorial.sleep scheduled__2022-09-27T14:30:05.600324+00:00 [running]> on host 2baf8421422a
[2022-09-28 14:30:15,270] {taskinstance.py:1571} INFO - Exporting the following env vars:
AIRFLOW_CTX_DAG_EMAIL=***@example.com
AIRFLOW_CTX_DAG_OWNER=***
AIRFLOW_CTX_DAG_ID=tutorial
AIRFLOW_CTX_TASK_ID=sleep
AIRFLOW_CTX_EXECUTION_DATE=2022-09-27T14:30:05.600324+00:00
AIRFLOW_CTX_TRY_NUMBER=1
AIRFLOW_CTX_DAG_RUN_ID=scheduled__2022-09-27T14:30:05.600324+00:00
[2022-09-28 14:30:15,271] {subprocess.py:62} INFO - Tmp dir root location: 
 /tmp
[2022-09-28 14:30:15,271] {subprocess.py:74} INFO - Running command: ['bash', '-c', 'sleep 5']
[2022-09-28 14:30:15,279] {subprocess.py:85} INFO - Output:
[2022-09-28 14:30:20,282] {subprocess.py:96} INFO - Command exited with return code 0
[2022-09-28 14:30:20,310] {taskinstance.py:1400} INFO - Marking task as SUCCESS. dag_id=tutorial, task_id=sleep, execution_date=20220927T143005, start_date=20220928T143015, end_date=20220928T143020
[2022-09-28 14:30:20,350] {local_task_job.py:156} INFO - Task exited with return code 0
[2022-09-28 14:30:20,368] {local_task_job.py:273} INFO - 0 downstream tasks scheduled from follow-on schedule check
