[2022-09-28 14:31:24,575] {taskinstance.py:1159} INFO - Dependencies all met for <TaskInstance: tutorial.print_date manual__2022-09-28T14:31:24.022964+00:00 [queued]>
[2022-09-28 14:31:24,584] {taskinstance.py:1159} INFO - Dependencies all met for <TaskInstance: tutorial.print_date manual__2022-09-28T14:31:24.022964+00:00 [queued]>
[2022-09-28 14:31:24,585] {taskinstance.py:1356} INFO - 
--------------------------------------------------------------------------------
[2022-09-28 14:31:24,585] {taskinstance.py:1357} INFO - Starting attempt 1 of 2
[2022-09-28 14:31:24,585] {taskinstance.py:1358} INFO - 
--------------------------------------------------------------------------------
[2022-09-28 14:31:24,602] {taskinstance.py:1377} INFO - Executing <Task(BashOperator): print_date> on 2022-09-28 14:31:24.022964+00:00
[2022-09-28 14:31:24,606] {standard_task_runner.py:52} INFO - Started process 8282 to run task
[2022-09-28 14:31:24,608] {standard_task_runner.py:79} INFO - Running: ['***', 'tasks', 'run', 'tutorial', 'print_date', 'manual__2022-09-28T14:31:24.022964+00:00', '--job-id', '22', '--raw', '--subdir', '/home/***/.local/lib/python3.7/site-packages/***/example_dags/tutorial.py', '--cfg-path', '/tmp/tmp7epc9qtl', '--error-file', '/tmp/tmp5oo1dqkx']
[2022-09-28 14:31:24,608] {standard_task_runner.py:80} INFO - Job 22: Subtask print_date
[2022-09-28 14:31:24,653] {task_command.py:369} INFO - Running <TaskInstance: tutorial.print_date manual__2022-09-28T14:31:24.022964+00:00 [running]> on host 2baf8421422a
[2022-09-28 14:31:24,721] {taskinstance.py:1571} INFO - Exporting the following env vars:
AIRFLOW_CTX_DAG_EMAIL=***@example.com
AIRFLOW_CTX_DAG_OWNER=***
AIRFLOW_CTX_DAG_ID=tutorial
AIRFLOW_CTX_TASK_ID=print_date
AIRFLOW_CTX_EXECUTION_DATE=2022-09-28T14:31:24.022964+00:00
AIRFLOW_CTX_TRY_NUMBER=1
AIRFLOW_CTX_DAG_RUN_ID=manual__2022-09-28T14:31:24.022964+00:00
[2022-09-28 14:31:24,721] {subprocess.py:62} INFO - Tmp dir root location: 
 /tmp
[2022-09-28 14:31:24,722] {subprocess.py:74} INFO - Running command: ['bash', '-c', 'date']
[2022-09-28 14:31:24,731] {subprocess.py:85} INFO - Output:
[2022-09-28 14:31:24,734] {subprocess.py:92} INFO - Wed Sep 28 14:31:24 UTC 2022
[2022-09-28 14:31:24,734] {subprocess.py:96} INFO - Command exited with return code 0
[2022-09-28 14:31:24,762] {taskinstance.py:1400} INFO - Marking task as SUCCESS. dag_id=tutorial, task_id=print_date, execution_date=20220928T143124, start_date=20220928T143124, end_date=20220928T143124
[2022-09-28 14:31:24,780] {local_task_job.py:156} INFO - Task exited with return code 0
[2022-09-28 14:31:24,814] {local_task_job.py:273} INFO - 2 downstream tasks scheduled from follow-on schedule check
